1533989134284	geckodriver	INFO	geckodriver 0.21.0
1533989134292	geckodriver	INFO	Listening on 127.0.0.1:61700
1533989137394	mozrunner::runner	INFO	Running command: "C:\\Program Files\\Mozilla Firefox\\firefox.exe" "-marionette" "-foreground" "-no-remote" "-profile" "C:\\Users\\Lamson\\AppData\\Local\\Temp\\rust_mozprofile.0dGiPpmYBy30"
Unable to read VR Path Registry from C:\Users\Lamson\AppData\Local\openvr\openvrpaths.vrpath
Unable to read VR Path Registry from C:\Users\Lamson\AppData\Local\openvr\openvrpaths.vrpath
Unable to read VR Path Registry from C:\Users\Lamson\AppData\Local\openvr\openvrpaths.vrpath
IPDL protocol error: Handler returned error code!

###!!! [Parent][DispatchAsyncMessage] Error: PLayerTransaction::Msg_ReleaseLayer Processing error: message was deserialized, but the handler returned false (indicating failure)

Unable to read VR Path Registry from C:\Users\Lamson\AppData\Local\openvr\openvrpaths.vrpath
Unable to read VR Path Registry from C:\Users\Lamson\AppData\Local\openvr\openvrpaths.vrpath
1533989143890	Marionette	INFO	Listening on port 61721
1533989144188	Marionette	WARN	TLS certificate errors will be ignored for this session
1533989147257	addons.xpi	WARN	Exception running bootstrap method shutdown on activity-stream@mozilla.org: [Exception... "Component returned failure code: 0x80004005 (NS_ERROR_FAILURE) [nsIObserverService.removeObserver]"  nsresult: "0x80004005 (NS_ERROR_FAILURE)"  location: "JS frame :: resource://activity-stream/lib/TelemetryFeed.jsm :: uninit :: line 493"  data: no] Stack trace: uninit()@resource://activity-stream/lib/TelemetryFeed.jsm:493
onAction()@resource://activity-stream/lib/TelemetryFeed.jsm:451
_middleware/</<()@resource://activity-stream/lib/Store.jsm:51
Store/this[method]()@resource://activity-stream/lib/Store.jsm:29
uninit()@resource://activity-stream/lib/Store.jsm:170
uninit()@resource://activity-stream/lib/ActivityStream.jsm:318
uninit()@resource://gre/modules/addons/XPIProvider.jsm -> jar:file:///C:/Program%20Files/Mozilla%20Firefox/browser/features/activity-stream@mozilla.org.xpi!/bootstrap.js:79
shutdown()@resource://gre/modules/addons/XPIProvider.jsm -> jar:file:///C:/Program%20Files/Mozilla%20Firefox/browser/features/activity-stream@mozilla.org.xpi!/bootstrap.js:187
callBootstrapMethod()@resource://gre/modules/addons/XPIProvider.jsm:2757
observe()@resource://gre/modules/addons/XPIProvider.jsm:1672
[Parent 13972, Gecko_IOThread] WARNING: pipe error: 109: file z:/build/build/src/ipc/chromium/src/chrome/common/ipc_channel_win.cc, line 346
[Parent 13972, Gecko_IOThread] WARNING: pipe error: 109: file z:/build/build/src/ipc/chromium/src/chrome/common/ipc_channel_win.cc, line 346
[Child 2184, Chrome_ChildThread] WARNING: pipe error: 109: file z:/build/build/src/ipc/chromium/src/chrome/common/ipc_channel_win.cc, line 346
[Child 2184, Chrome_ChildT[Child 6164, Chrome_ChildThread] WARNING: pipe error: 109: file z:/build/build/src/ipc/chromium/src/chrome/common/ipc_channel_win.cc, line 346
[Child 6164, Chrome_Chil[Parent 13972, Gecko_IOThread] WARNING: pipe error: 109: file z:/build/build/src/ipc/chromium/src/chrome/common/ipc_channel_win.cc, line 346
[Child 1736, Chrome_ChildThread] WARNING: pipe error: 109: file z:/build/build/src/ipc/chromium/src/chrome/common/ipc_channel_win.cc, line 346
[Child 1736, Chrome_ChildTh*** UTM:SVC TimerManager:registerTimer called after profile-before-change notification. Ignoring timer registration for id: telemetry_modules_ping
[GPU 5580,
###!!! [Child][MessageChannel::SendAndWait] Error: Channel error: cannot send/recv

1533989196178	geckodriver	INFO	geckodriver 0.21.0
1533989196186	geckodriver	INFO	Listening on 127.0.0.1:61825
1533989199229	mozrunner::runner	INFO	Running command: "C:\\Program Files\\Mozilla Firefox\\firefox.exe" "-marionette" "-foreground" "-no-remote" "-profile" "C:\\Users\\Lamson\\AppData\\Local\\Temp\\rust_mozprofile.XNsre7FLqqlz"
Unable to read VR Path Registry from C:\Users\Lamson\AppData\Local\openvr\openvrpaths.vrpath
Unable to read VR Path Registry from C:\Users\Lamson\AppData\Local\openvr\openvrpaths.vrpath
Unable to read VR Path Registry from C:\Users\Lamson\AppData\Local\openvr\openvrpaths.vrpath
Unable to read VR Path Registry from C:\Users\Lamson\AppData\Local\openvr\openvrpaths.vrpath
Unable to read VR Path Registry from C:\Users\Lamson\AppData\Local\openvr\openvrpaths.vrpath
1533989203184	Marionette	INFO	Listening on port 61837
1533989204086	Marionette	WARN	TLS certificate errors will be ignored for this session
[Parent 13252, Gecko_IOThread] WARNING: pipe error: 109: file z:/build/build/src/ipc/chromium/src/chrome/common/ipc_channel_win.cc, line 346
[Child 13848, Chrome_ChildThread] WARNING: pipe error: 109: file z:/build/build/src/ipc/chromium/src/chrome/common/ipc_channel_win.cc, line 346
[Child 1384[Parent 13252, Gecko_IOThread] WARNING: pipe error: 109: file z:/build/build/src/ipc/chromium/src/chrome/common/ipc_channel_win.cc, line 346
[Child 1320, Chrome_ChildThread] WARNING: pipe error: 109: file z:/build/build/src/ipc/chromium/src/chrome/common/ipc_channel_win.cc, line 346
[Child 1320, Chrome_ChildT[GPU 11248, Chro
###!!! [Child][MessageChannel::SendAndWait] Error: Channel error: cannot send/recv

Lamson\AppData\Local\openvr\openvrpaths.vrpath
JavaScript error: resource:///modules/SavantShieldStudy.jsm, line 171: TypeError: this.addonListener is undefined
Unable to read VR Path Registry from C:\Users\Lamson\AppData\Local\openvr\openvrpaths.vrpath
Unable to read VR Path Registry from C:\Users\Lamson\AppData\Local\openvr\openvrpaths.vrpath
[Parent 10740, Gecko_IOThread] WARNING: pipe error: 109: file z:/build/build/src/ipc/chromium/src/chrome/common/ipc_channel_win.cc, line 346
[Child 13272, Chrome_ChildThread] WARNING: pipe error: 109: file z:/build/build/src/ipc/chromium/src/chrome/common/ipc_channel_win.cc, line 346
[Child 13272, [Parent 10740, Gecko_IOThread] WARNING: pipe error: 109: file z:/build/build/src/ipc/chromium/src/chrome/common/ipc_channel_win.cc, line 346
[Child 12248, Chrome_ChildThread] WARNING: pipe error: 109: file z:/build/build/src/ipc/chromium/src/chrome/common/ipc_channel_win.cc, line 346
[Child 12248, [Parent 10740, Gecko_IOThread] WARNING: pipe error: 109: file z:/build/build/src/ipc/chromium/src/chrome/common/ipc_channel_win.cc, line 346
[Child 252, Chrome_ChildThread] WARNING: pipe error: 109: file z:/build/build/src/ipc/chromium/src/chrome/common/ipc_channel_win.cc, line 346
[Child 252, Chrome_*** UTM:SVC TimerManager:registerTimer called after profile-before-change notification. Ignoring timer registration for id: telemetry_modules_ping
[GPU 1516, Chrome_Chi
###!!! [Child][MessageChannel::SendAndWait] Error: Channel error: cannot send/recv

1533989972171	geckodriver	INFO	geckodriver 0.21.0
1533989972179	geckodriver	INFO	Listening on 127.0.0.1:63033
1533989975217	mozrunner::runner	INFO	Running command: "C:\\Program Files\\Mozilla Firefox\\firefox.exe" "-marionette" "-foreground" "-no-remote" "-profile" "C:\\Users\\Lamson\\AppData\\Local\\Temp\\rust_mozprofile.2e2bqvhlkSXa"
Unable to read VR Path Registry from C:\Users\Lamson\AppData\Local\openvr\openvrpaths.vrpath
Unable to read VR Path Registry from C:\Users\Lamson\AppData\Local\openvr\openvrpaths.vrpath
Unable to read VR Path Registry from C:\Users\Lamson\AppData\Local\openvr\openvrpaths.vrpath
Unable to read VR Path Registry from C:\Users\Lamson\AppData\Local\openvr\openvrpaths.vrpath
Unable to read VR Path Registry from C:\Users\Lamson\AppData\Local\openvr\openvrpaths.vrpath
1533989979104	Marionette	INFO	Listening on port 63045
1533989980606	Marionette	WARN	TLS certificate errors will be ignored for this session
[[CChild 3084, Chrome_hChilidThrlead]d 3860, Chrome_ChildThread] WARNING: pipe error: 109: file z:/buil WAd/buRNING: pipe error: 109: file z:/build/build/src/ipc/chroild/src/ipc/chromium/src/chrome/mium/src/chrome/common/ipc_common/ipc_channel_win.cc, line 346ch
annel_win.cc, line 346
[[Child 3084, Chrome_ChildThr[Parent 14976, Gecko_IOThread] WARNING: pipe error: 109: file z:/build/build/src/ipc/chromium/src/chrome/common/ipc_channel_win.cc, line 346
[GPU 13184, Chrome_C
###!!! [Child][MessageChannel::SendAndWait] Error: Channel error: cannot send/recv

